<?xml version="1.0" encoding="UTF-8"?>
<!-- Generated by org.testng.reporters.JUnitXMLReporter -->
<testsuite ignored="0" hostname="LAPTOP-CF74DLS7" failures="0" tests="10" name="AddEmployee" time="32.039" errors="0" timestamp="2024-03-05T13:01:39 IST">
  <testcase classname="com.OrangeHRMApplicationTestCases.OrangeHRMApplication_AddEmployeeTest" name="OrangeHRMlogindetails" time="0.391"/>
  <testcase classname="com.OrangeHRMApplicationTestCases.OrangeHRMApplication_AddEmployeeTest" name="OrangeHRMTitle" time="0.026"/>
  <testcase classname="com.OrangeHRMApplicationTestCases.OrangeHRMApplication_AddEmployeeTest" name="loginTheOrangeHRM" time="2.062"/>
  <testcase classname="com.OrangeHRMApplicationTestCases.OrangeHRMApplication_AddEmployeeTest" name="OrangeHRMHomePageTextAdmin" time="0.172"/>
  <testcase classname="com.OrangeHRMApplicationTestCases.OrangeHRMApplication_AddEmployeeTest" name="OrangeHRMPIMPage" time="0.933"/>
  <testcase classname="com.OrangeHRMApplicationTestCases.OrangeHRMApplication_AddEmployeeTest" name="addEmployeeValidating" time="0.099"/>
  <testcase classname="com.OrangeHRMApplicationTestCases.OrangeHRMApplication_AddEmployeeTest" name="validatingAddEmployeeDetails" time="23.992"/>
  <testcase classname="com.OrangeHRMApplicationTestCases.OrangeHRMApplication_AddEmployeeTest" name="ValidatingTheEmployeeDetails" time="0.062"/>
  <testcase classname="com.OrangeHRMApplicationTestCases.OrangeHRMApplication_AddEmployeeTest" name="logoutFunctionality" time="0.705"/>
  <testcase classname="com.OrangeHRMApplicationTestCases.OrangeHRMApplication_AddEmployeeTest" name="loginPanelText" time="0.081"/>
</testsuite> <!-- AddEmployee -->
