<?xml version="1.0" encoding="UTF-8"?>
<!-- Generated by org.testng.reporters.JUnitXMLReporter -->
<testsuite ignored="0" hostname="LAPTOP-CF74DLS7" failures="0" tests="3" name="Login Test" time="42.57" errors="0" timestamp="2024-03-05T13:01:49 IST">
  <testcase classname="com.OrangeHRMApplicationTestCases.OrangeHRMApplication_LogInTest" name="OHRMApplicationData" time="0.931"/>
  <testcase classname="com.OrangeHRMApplicationTestCases.OrangeHRMApplication_LogInTest" name="OHRMApplicaationData" time="0.02"/>
  <testcase classname="com.OrangeHRMApplicationTestCases.OrangeHRMApplication_LogInTest" name="validatingOHRMData" time="38.605"/>
</testsuite> <!-- Login Test -->
