<?xml version="1.0" encoding="UTF-8"?>
<!-- Generated by org.testng.reporters.JUnitXMLReporter -->
<testsuite ignored="0" hostname="LAPTOP-CF74DLS7" failures="0" tests="3" name="Default test" time="38.079" errors="0" timestamp="2024-03-05T12:55:41 IST">
  <testcase classname="com.OrangeHRMApplicationTestCases.OrangeHRMApplication_LogInTest" name="OHRMApplicationData" time="0.521"/>
  <testcase classname="com.OrangeHRMApplicationTestCases.OrangeHRMApplication_LogInTest" name="OHRMApplicaationData" time="0.018"/>
  <testcase classname="com.OrangeHRMApplicationTestCases.OrangeHRMApplication_LogInTest" name="validatingOHRMData" time="35.763"/>
</testsuite> <!-- Default test -->
